{"level":"INFO","time":"2024-12-19T13:39:15.981+0300","caller":"server/main.go:23","msg":"Инициализация сервера"}
{"level":"INFO","time":"2024-12-19T13:39:15.982+0300","caller":"server/main.go:30","msg":"Настройка подключения к базе данных"}
{"level":"INFO","time":"2024-12-19T13:39:15.990+0300","caller":"server/main.go:39","msg":"Успешное подключение к базе данных"}
{"level":"INFO","time":"2024-12-19T13:39:15.992+0300","caller":"server/main.go:76","msg":"gRPC сервер запущен","порт":"50051"}
{"level":"INFO","time":"2024-12-19T14:42:33.452+0300","caller":"server/main.go:22","msg":"Инициализация сервера"}
{"level":"INFO","time":"2024-12-19T14:42:33.455+0300","caller":"server/main.go:27","msg":"Настройка подключения к базе данных"}
{"level":"INFO","time":"2024-12-19T14:42:33.465+0300","caller":"server/main.go:36","msg":"Успешное подключение к базе данных"}
{"level":"INFO","time":"2024-12-19T14:42:33.471+0300","caller":"server/main.go:71","msg":"gRPC сервер запущен","порт":"50051"}
{"level":"INFO","time":"2024-12-19T14:44:06.193+0300","caller":"middleware/auth_middleware.go:47","msg":"Запрос метода","method":"/education.EducationService/GetCourses"}
{"level":"INFO","time":"2024-12-19T14:44:06.194+0300","caller":"middleware/auth_middleware.go:50","msg":"Метод находится в whitelist, пропуск аутентификации","method":"/education.EducationService/GetCourses"}
{"level":"INFO","time":"2024-12-19T14:44:06.196+0300","caller":"service/education_service.go:57","msg":"Получение всех курсов"}
{"level":"INFO","time":"2024-12-19T14:44:06.553+0300","caller":"service/education_service.go:74","msg":"Курсы успешно получены","count":0}
{"level":"INFO","time":"2024-12-19T14:44:13.488+0300","caller":"middleware/auth_middleware.go:47","msg":"Запрос метода","method":"/education.EducationService/SearchCourses"}
{"level":"INFO","time":"2024-12-19T14:44:13.488+0300","caller":"middleware/auth_middleware.go:50","msg":"Метод находится в whitelist, пропуск аутентификации","method":"/education.EducationService/SearchCourses"}
{"level":"INFO","time":"2024-12-19T14:44:13.489+0300","caller":"service/education_service.go:169","msg":"Поиск курсов","keyword":"описание"}
{"level":"INFO","time":"2024-12-19T14:44:13.495+0300","caller":"service/education_service.go:192","msg":"Курсы успешно найдены","count":0}
{"level":"INFO","time":"2024-12-19T14:44:40.224+0300","caller":"middleware/auth_middleware.go:47","msg":"Запрос метода","method":"/education.StudentService/RegisterStudent"}
{"level":"INFO","time":"2024-12-19T14:44:40.225+0300","caller":"middleware/auth_middleware.go:50","msg":"Метод находится в whitelist, пропуск аутентификации","method":"/education.StudentService/RegisterStudent"}
{"level":"INFO","time":"2024-12-19T14:44:40.226+0300","caller":"service/student_service.go:33","msg":"Регистрация студента началась","email":"qwj@qwod"}
{"level":"INFO","time":"2024-12-19T14:44:40.373+0300","caller":"middleware/auth_middleware.go:121","msg":"JWT-токен успешно сгенерирован","user_id":3,"email":"qwj@qwod","role":"student","expires_at":"2024-12-20T14:44:40.370+0300"}
{"level":"INFO","time":"2024-12-19T14:44:40.376+0300","caller":"service/student_service.go:65","msg":"Студент успешно зарегистрирован","student_id":3,"email":"qwj@qwod"}
